Arguments: 
  /Users/elliot/.asdf/installs/nodejs/15.14.0/bin/node /Users/elliot/.asdf/installs/nodejs/15.14.0/.npm/bin/yarn add --dev prettier-ruby

PATH: 
  /Users/elliot/.asdf/installs/nodejs/15.14.0/.npm/bin:/Users/elliot/.asdf/installs/nodejs/15.14.0/bin:/Users/elliot/.cargo/bin:/opt/rakudo:/Users/elliot/.local/bin:/opt/homebrew/opt/fzf/bin:/Users/elliot/.cljr/bin:/Users/elliot/.asdf/shims:/opt/homebrew/opt/asdf/bin:/Users/elliot/Library/Android/sdk/platform-tools:/Users/elliot/Library/Android/sdk:/opt/homebrew/bin:/opt/homebrew/sbin:/Users/elliot/.bin:/usr/bin:/bin:/usr/sbin:/sbin

Yarn version: 
  1.22.10

Node version: 
  15.14.0

Platform: 
  darwin x64

Trace: 
  Error: https://registry.yarnpkg.com/prettier-ruby: Not found
      at Request.params.callback [as _callback] (/Users/elliot/.asdf/installs/nodejs/15.14.0/.npm/lib/node_modules/yarn/lib/cli.js:66988:18)
      at Request.self.callback (/Users/elliot/.asdf/installs/nodejs/15.14.0/.npm/lib/node_modules/yarn/lib/cli.js:140662:22)
      at Request.emit (node:events:369:20)
      at Request.<anonymous> (/Users/elliot/.asdf/installs/nodejs/15.14.0/.npm/lib/node_modules/yarn/lib/cli.js:141634:10)
      at Request.emit (node:events:369:20)
      at IncomingMessage.<anonymous> (/Users/elliot/.asdf/installs/nodejs/15.14.0/.npm/lib/node_modules/yarn/lib/cli.js:141556:12)
      at Object.onceWrapper (node:events:475:28)
      at IncomingMessage.emit (node:events:381:22)
      at endReadableNT (node:internal/streams/readable:1307:12)
      at processTicksAndRejections (node:internal/process/task_queues:81:21)

npm manifest: 
  {
    "private": true,
    "devDependencies": {
      "prettier": "^2.3.0"
    }
  }

yarn manifest: 
  No manifest

Lockfile: 
  # THIS IS AN AUTOGENERATED FILE. DO NOT EDIT THIS FILE DIRECTLY.
  # yarn lockfile v1
  
  
  prettier@^2.3.0:
    version "2.3.0"
    resolved "https://registry.yarnpkg.com/prettier/-/prettier-2.3.0.tgz#b6a5bf1284026ae640f17f7ff5658a7567fc0d18"
    integrity sha512-kXtO4s0Lz/DW/IJ9QdWhAf7/NmPWQXkFr/r/WkR3vyI+0v8amTDxiaQSLzs8NBlytfLWX/7uQUMIW677yLKl4w==
